Arguments: 
  C:\Program Files\nodejs\node.exe C:\Program Files (x86)\Yarn\bin\yarn.js ls --depth 0 --json

PATH: 
  C:\WINDOWS\system32;C:\WINDOWS;C:\WINDOWS\System32\Wbem;C:\WINDOWS\System32\WindowsPowerShell\v1.0\;C:\Program Files\Git\cmd;C:\Program Files\Git\bin;C:\Python27;C:\Python27\Scripts;C:\Program Files\Microsoft VS Code\bin;C:\WINDOWS\System32\OpenSSH\;C:\Program Files\Microsoft SQL Server\130\Tools\Binn\;C:\Julia-1.0.0\bin;D:\3-ACM;%JAVA_HOME%\bin;D:\texlive\2018\bin\win32;C:\cmder_mini;C:\Python37;C:\Python37\Scripts;C:\sqlite;C:\Program Files (x86)\Intel\Intel(R) Management Engine Components\DAL;C:\Program Files\Intel\Intel(R) Management Engine Components\DAL;C:\git\nvmw\;C:\node;C:\Program Files\nodejs;C:\Program Files\Intel\WiFi\bin\;C:\Program Files\Common Files\Intel\WirelessCommon\;C:\Yarn\bin;C:\Program Files (x86)\Graphviz2.38\bin;D:\texlive\2018\bin\win32;D:\Program Files\MiKTeX 2.9\miktex\bin\x64\;C:\Program Files (x86)\Yarn\bin\;C:\ProgramData\pbox;C:\Programs\msys2-mingw64-9\bin;C:\Program Files\Docker\Docker\resources\bin;C:\ProgramData\DockerDesktop\version-bin;C:\Program Files (x86)\SMLNJ\bin\;C:\Users\X1 Carbon\AppData\Roaming\local\bin;C:\Users\X1 Carbon\.cargo\bin;C:\Python37\Scripts\;C:\Python37\;C:\Users\X1 Carbon\AppData\Local\Microsoft\WindowsApps;C:\Program Files\Microsoft VS Code\bin;C:\Users\X1 Carbon\AppData\Local\Programs\Microsoft VS Code\bin;C:\Program Files\Bandizip\;C:\node;C:\Program Files\nodejs;C:\Yarn\bin;C:\Users\X1 Carbon\AppData\Local\Programs\Fiddler;C:\Users\X1 Carbon\AppData\Local\Microsoft\WindowsApps;C:\Users\X1 Carbon\AppData\Local\hyper\app-3.0.2\resources\bin;C:\Program Files (x86)\Graphviz2.38\bin;C:\ffmpeg\bin;C:\Users\X1 Carbon\AppData\Local\Yarn\bin

Yarn version: 
  1.22.4

Node version: 
  12.14.0

Platform: 
  win32 x64

Trace: 
  SyntaxError: d:\5-Project\CP-Tool\package.json: Unexpected token } in JSON at position 218
      at JSON.parse (<anonymous>)
      at C:\Program Files (x86)\Yarn\lib\cli.js:1625:59
      at Generator.next (<anonymous>)
      at step (C:\Program Files (x86)\Yarn\lib\cli.js:310:30)
      at C:\Program Files (x86)\Yarn\lib\cli.js:321:13

npm manifest: 
  {
    "name": "cp-tool",
    "version": "1.0.0",
    "main": "dist/index.js",
    "author": "XLor",
    "license": "MIT",
    "scripts": {
      "build": "tsc",
      "lint": "yarn prettier --parser typescript --write src/**/*.ts",
    }
  }

yarn manifest: 
  No manifest

Lockfile: 
  No lockfile
